20110905093544 CRAWL RESUMED - Running
           timestamp  discovered      queued   downloaded       doc/s(avg)  KB/s(avg)   dl-failures   busy-thread   mem-use-KB  heap-size-KB   congestion   max-depth   avg-depth
2011-09-05T09:36:04Z          60          50           10         0.5(0.5)     15(15)             0             0        15671         32192            1          48          25
2011-09-05T09:36:24Z         170         150           20         0.5(0.5)      7(11)             0             0        15900         31552            1         148          75
2011-09-05T09:36:44Z         227         198           29       0.45(0.48)    101(41)             0             0        18400         31552            1         196          99
2011-09-05T09:37:04Z         227         188           39        0.5(0.49)    171(73)             0             0        19244         31552            1         186          94
2011-09-05T09:37:24Z         227         178           49        0.5(0.49)     43(67)             0             0        15350         30528            1         176          89
2011-09-05T09:37:44Z         227         169           58       0.45(0.48)      0(56)             0             1        16217         30528            1         167          84
2011-09-05T09:38:04Z         227         159           68        0.5(0.49)      0(48)             0             0        17045         30528            1         157          79
2011-09-05T09:38:24Z         227         149           78        0.5(0.49)     36(47)             0             0        17968         30528            1         147          74
2011-09-05T09:38:44Z         227         140           87       0.45(0.48)    320(77)             0             1        19025         30528            1         138          70
2011-09-05T09:39:04Z         762         665           97        0.5(0.48)    138(83)             0             0        17003         33344            1         663         332
2011-09-05T09:39:24Z         762         655          107        0.5(0.49)      0(76)             0             0        17886         33344            1         653         327
2011-09-05T09:39:44Z         762         645          117        0.5(0.49)      0(69)             0             0        18884         33344            1         643         322
2011-09-05T09:40:04Z         762         635          127        0.5(0.49)      0(64)             0             0        19790         33344            1         633         317
2011-09-05T09:40:24Z         762         625          137        0.5(0.49)      0(59)             0             0        20672         33344            1         623         312
2011-09-05T09:40:44Z         762         615          147        0.5(0.49)      0(55)             0             0        15378         28096            1         613         307
2011-09-05T09:41:04Z         762         605          157        0.5(0.49)      0(52)             0             0        16271         28096            1         603         302
2011-09-05T09:41:24Z         762         595          167        0.5(0.49)      0(49)             0             0        17187         28096            1         593         297
2011-09-05T09:41:44Z         762         585          177        0.5(0.49)      0(46)             0             0        18185         28096            1         583         292
2011-09-05T09:42:04Z         762         575          187        0.5(0.49)      0(44)             0             0        19091         28096            1         573         287
2011-09-05T09:42:24Z         762         565          197        0.5(0.49)      0(41)             0             0        20039         28096            1         563         282
2011-09-05T09:42:44Z         762         555          207        0.5(0.49)      0(39)             0             0        14478         33024            1         553         277
2011-09-05T09:43:04Z         762         546          216       0.45(0.49)      0(38)             0             0        15471         33024            1         544         273
2011-09-05T09:43:24Z         762         536          226        0.5(0.49)      0(36)             0             0        16448         33024            1         534         268
2011-09-05T09:43:44Z         762         526          236        0.5(0.49)      0(34)             0             0        17379         33024            1         524         263
2011-09-05T09:44:04Z         762         516          246        0.5(0.49)      0(33)             0             0        18343         33024            1         514         258
2011-09-05T09:44:24Z         762         506          256        0.5(0.49)      0(32)             0             0        19270         33024            1         504         253
2011-09-05T09:44:44Z         762         496          266        0.5(0.49)      0(31)             0             0        20235         33024            1         494         248
2011-09-05T09:45:04Z         762         486          276        0.5(0.49)      0(30)             0             0        14997         27712            1         484         243
2011-09-05T09:45:24Z         762         476          286        0.5(0.49)      0(29)             0             0        15895         27712            1         474         238
2011-09-05T09:45:44Z         762         466          296        0.5(0.49)      0(28)             0             0        16850         27712            1         464         233
2011-09-05T09:46:04Z         762         456          306        0.5(0.49)      0(27)             0             0        17771         27712            1         454         228
2011-09-05T09:46:24Z         762         446          316        0.5(0.49)      0(26)             0             0        18751         27712            1         444         223
2011-09-05T09:46:44Z         762         436          326        0.5(0.49)      0(25)             0             0        19730         27712            1         434         218
2011-09-05T09:47:04Z         762         426          336        0.5(0.49)      0(24)             0             0        20632         27712            1         424         213
2011-09-05T09:47:24Z         762         416          346        0.5(0.49)      0(24)             0             0        15474         32448            1         414         208
2011-09-05T09:47:44Z         822         466          356        0.5(0.49)      7(23)             0             0        17888         32448            1         464         233
2011-09-05T09:48:04Z         822         457          365       0.45(0.49)     26(23)             0             0        18705         32448            1         455         228
2011-09-05T09:48:24Z         822         447          375        0.5(0.49)     29(23)             0             0        19703         32448            1         445         223
2011-09-05T09:48:44Z         882         497          385        0.5(0.49)     25(23)             0             0        16233         27456            1         495         248
2011-09-05T09:49:04Z         882         487          395        0.5(0.49)      0(23)             0             0        17150         27456            1         485         243
2011-09-05T09:49:24Z         882         477          405        0.5(0.49)      0(22)             0             0        18148         27456            1         475         238
2011-09-05T09:49:44Z         882         467          415        0.5(0.49)      0(22)             0             0        19052         27456            1         465         233
2011-09-05T09:50:04Z        1064         639          425        0.5(0.49)      1(21)             0             0        17793         31936            1         637         319
2011-09-05T09:50:24Z        1064         629          435        0.5(0.49)      0(21)             0             0        18774         31936            1         627         314
2011-09-05T09:50:44Z        1064         619          445        0.5(0.49)      0(20)             0             0        20264         31936            1         617         309
2011-09-05T09:51:04Z        1064         609          455        0.5(0.49)      0(20)             0             0        15519         27392            1         607         304
2011-09-05T09:51:24Z        1064         599          465        0.5(0.49)      0(19)             0             0        16603         27392            1         597         299
2011-09-05T09:51:44Z        1064         589          475        0.5(0.49)      0(19)             0             0        17478         27392            1         587         294
2011-09-05T09:52:04Z        1064         584          480       0.25(0.49)      0(19)             0             0        18021         27392            1         582         292
2011-09-05T09:52:25Z        1064         577          487       0.35(0.49)      0(18)             0             0        18663         27392            1         575         288
2011-09-05T09:52:45Z        1064         567          497        0.5(0.49)      0(18)             0             0        19642         27392            1         565         283
2011-09-05T09:53:05Z        1064         557          507        0.5(0.49)      0(17)             0             0        14787         31424            1         555         278
2011-09-05T09:53:25Z        1096         579          517        0.5(0.49)      0(17)             0             0        16623         31424            1         577         289
2011-09-05T09:53:45Z        1132         605          527        0.5(0.49)      0(17)             0             0        18562         31424            1         603         302
2011-09-05T09:54:05Z        1132         595          537        0.5(0.49)      0(17)             0             0        19448         31424            1         593         297
2011-09-05T09:54:25Z        1318         771          547        0.5(0.49)      1(16)             0             0        18458         27200            1         769         385
2011-09-05T09:54:45Z        1318         761          557        0.5(0.49)      0(16)             0             0        19350         27200            1         759         380
2011-09-05T09:55:05Z        1318         751          567        0.5(0.49)      0(16)             0             0        20337         27200            1         749         375
2011-09-05T09:55:25Z        1318         742          576       0.45(0.49)      0(15)             0             0        15653         30848            1         740         371
2011-09-05T09:55:45Z        1318         732          586        0.5(0.49)      0(15)             0             0        16625         30848            1         730         366
2011-09-05T09:56:05Z        1318         722          596        0.5(0.49)      0(15)             0             0        18826         30848            1         720         361
2011-09-05T09:56:25Z        1318         712          606        0.5(0.49)      0(15)             0             0        15802         27136            1         710         356
2011-09-05T09:56:45Z        1318         702          616        0.5(0.49)      0(14)             0             0        16904         27136            1         700         351
2011-09-05T09:57:05Z        1318         692          626        0.5(0.49)      0(14)             0             0        17872         27136            1         690         346
2011-09-05T09:57:25Z        1318         682          636        0.5(0.49)      0(14)             0             0        18806         27136            1         680         341
2011-09-05T09:57:45Z        1446         800          646        0.5(0.49)      4(14)             0             0        17180         30208            1         798         400
2011-09-05T09:58:05Z        1446         790          656        0.5(0.49)     13(14)             0             0        18056         30208            1         788         395
2011-09-05T09:58:25Z        1446         780          666        0.5(0.49)     14(14)             0             0        19050         30208            1         778         390
2011-09-05T09:58:45Z        1446         770          676        0.5(0.49)     14(14)             0             0        19939         30208            1         768         385
2011-09-05T09:59:05Z        1446         760          686        0.5(0.49)     13(14)             0             0        15565         26944            1         758         380
2011-09-05T09:59:25Z        1446         750          696        0.5(0.49)     13(14)             0             0        16445         26944            1         748         375
2011-09-05T09:59:45Z        1494         788          706        0.5(0.49)     12(14)             0             0        18632         26944            1         786         394
2011-09-05T10:00:05Z        1494         778          716        0.5(0.49)     11(14)             0             0        19594         26944            1         776         389
2011-09-05T10:00:25Z        1494         769          725       0.45(0.49)     11(14)             0             0        15162         29760            1         767         384
2011-09-05T10:00:45Z        1600         865          735        0.5(0.49)      6(14)             0             0        18315         29760            1         863         432
2011-09-05T10:01:05Z        1600         855          745        0.5(0.49)      8(14)             0             0        19301         29760            1         853         427
2011-09-05T10:01:25Z        1600         845          755        0.5(0.49)      5(13)             0             0        20204         29760            1         843         422
2011-09-05T10:01:45Z        1600         835          765        0.5(0.49)      8(13)             0             0        16608         26816            1         833         417
2011-09-05T10:02:05Z        1600         825          775        0.5(0.49)      4(13)             0             0        17940         26816            1         823         412
2011-09-05T10:02:25Z        1644         859          785        0.5(0.49)      7(13)             0             0        19984         26816            1         857         429
2011-09-05T10:02:45Z        1644         849          795        0.5(0.49)     15(13)             0             0        15848         29184            1         847         424
2011-09-05T10:03:05Z        1644         839          805        0.5(0.49)     14(13)             0             0        16761         29184            1         837         419
2011-09-05T10:03:25Z        1724         909          815        0.5(0.49)     13(13)             0             0        19453         29184            1         907         454
2011-09-05T10:03:45Z        1724         899          825        0.5(0.49)     14(13)             0             0        15337         26688            1         897         449
2011-09-05T10:04:05Z        1724         890          834       0.45(0.49)     12(13)             0             0        16136         26688            1         888         445
2011-09-05T10:04:25Z        1724         880          844        0.5(0.49)     13(13)             0             0        17099         26688            1         878         440
2011-09-05T10:04:45Z        1766         912          854        0.5(0.49)     27(13)             0             0        19049         26688            1         910         456
2011-09-05T10:05:05Z        1766         902          864        0.5(0.49)     14(13)             0             0        17371         28800            1         900         451
2011-09-05T10:05:25Z        1868         994          874        0.5(0.49)     13(13)             0             0        16632         28352            1         992         497
2011-09-05T10:05:45Z        1868         984          884        0.5(0.49)     14(13)             0             0        18189         27840            1         982         492
2011-09-05T10:06:05Z        1868         974          894        0.5(0.49)     15(13)             0             0        18592         26496            1         972         487
2011-09-05T10:06:25Z        1868         964          904        0.5(0.49)     14(13)             0             0        19475         26496            1         962         482
2011-09-05T10:06:45Z        1868         954          914        0.5(0.49)     13(13)             0             0        15526         27648            1         952         477
2011-09-05T10:07:05Z        1868         945          923       0.45(0.49)     61(14)             0             0        16366         27648            1         943         472
2011-09-05T10:07:25Z        1911         978          933        0.5(0.49)     37(14)             0             0        15644         26112            1         976         489
2011-09-05T10:07:45Z        1911         968          943        0.5(0.49)     11(14)             0             0        16559         26112            1         966         484
2011-09-05T10:08:05Z        1911         958          953        0.5(0.49)      0(14)             0             0        17528         26112            1         956         479
2011-09-05T10:08:25Z        1911         948          963        0.5(0.49)      0(14)             0             0        18432         26112            1         946         474
2011-09-05T10:08:45Z        1911         938          973        0.5(0.49)      0(14)             0             0        19412         26112            1         936         469
2011-09-05T10:09:05Z        1911         928          983        0.5(0.49)      0(14)             0             0        15817         27392            1         926         464
2011-09-05T10:09:25Z        1911         918          993        0.5(0.49)      0(13)             0             0        16711         27392            1         916         459
2011-09-05T10:09:45Z        1911         908         1003        0.5(0.49)     46(14)             0             0        17722         27392            1         906         454
2011-09-05T10:10:05Z        1911         899         1012       0.45(0.49)     98(15)             0             0        18559         27392            1         897         449
2011-09-05T10:10:25Z        1911         889         1022        0.5(0.49)     97(15)             0             0        19531         27392            1         887         444
2011-09-05T10:10:45Z        1911         879         1032        0.5(0.49)    121(16)             0             0        15986         26048            1         877         439
2011-09-05T10:11:05Z        1911         870         1041       0.45(0.49)     46(17)             0             0        17279         26048            1         868         435
2011-09-05T10:11:25Z        1911         860         1051        0.5(0.49)     16(17)             0             0        16740         27072            1         858         430
2011-09-05T10:11:45Z        1911         850         1061        0.5(0.49)      0(16)             0             0        17985         27072            1         848         425
2011-09-05T10:12:05Z        1911         840         1071        0.5(0.49)      0(16)             0             0        18964         27072            1         838         420
2011-09-05T10:12:25Z        1911         830         1081        0.5(0.49)      0(16)             0             0        19896         27072            1         828         415
2011-09-05T10:12:45Z        1911         820         1091        0.5(0.49)      0(16)             0             0        16867         25856            1         818         410
2011-09-05T10:13:05Z        1911         810         1101        0.5(0.49)      0(16)             0             0        17829         25856            1         808         405
2011-09-05T10:13:25Z        1911         800         1111        0.5(0.49)      0(16)             0             0        18728         25856            1         798         400
2011-09-05T10:13:45Z        1911         790         1121        0.5(0.49)      0(16)             0             0        19756         25856            1         788         395
2011-09-05T10:14:05Z        1911         780         1131        0.5(0.49)      0(15)             0             0        16435         26816            1         778         390
2011-09-05T10:14:25Z        1911         770         1141        0.5(0.49)      0(15)             0             0        17353         26816            1         768         385
2011-09-05T10:14:45Z        1911         760         1151        0.5(0.49)      0(15)             0             0        18289         26816            1         758         380
2011-09-05T10:15:05Z        1911         750         1161        0.5(0.49)      0(15)             0             0        19256         26816            1         748         375
2011-09-05T10:15:25Z        1911         740         1171        0.5(0.49)      0(15)             0             0        15909         25792            1         738         370
2011-09-05T10:15:45Z        1911         730         1181        0.5(0.49)      0(15)             0             0        16797         25792            1         728         365
2011-09-05T10:16:05Z        1911         720         1191        0.5(0.49)      0(15)             0             0        17804         25792            1         718         360
2011-09-05T10:16:25Z        1911         710         1201        0.5(0.49)      0(15)             0             0        18692         25792            1         708         355
2011-09-05T10:16:45Z        1911         700         1211        0.5(0.49)      0(14)             0             0        19665         25792            1         698         350
2011-09-05T10:17:05Z        1911         690         1221        0.5(0.49)      0(14)             0             0        16416         26496            1         688         345
2011-09-05T10:17:25Z        1911         681         1230       0.45(0.49)      0(14)             0             0        17239         26496            1         679         340
2011-09-05T10:17:45Z        1911         671         1240        0.5(0.49)      0(14)             0             0        18179         26496            1         669         335
2011-09-05T10:18:05Z        1911         661         1250        0.5(0.49)      0(14)             0             0        19154         26496            1         659         330
2011-09-05T10:18:25Z        1911         651         1260        0.5(0.49)      0(14)             0             0        15957         25600            1         649         325
2011-09-05T10:18:45Z        1911         641         1270        0.5(0.49)      0(14)             0             0        16845         25600            1         639         320
2011-09-05T10:19:05Z        1911         631         1280        0.5(0.49)      0(14)             0             0        17815         25600            1         629         315
2011-09-05T10:19:25Z        1911         621         1290        0.5(0.49)      0(14)             0             0        18695         25600            1         619         310
2011-09-05T10:19:45Z        1911         611         1300        0.5(0.49)      0(13)             0             0        19681         25600            1         609         305
2011-09-05T10:20:05Z        1911         601         1310        0.5(0.49)      0(13)             0             0        16571         26368            1         599         300
2011-09-05T10:20:25Z        1911         591         1320        0.5(0.49)     94(14)             0             0        17576         26368            1         589         295
2011-09-05T10:20:45Z        1911         581         1330        0.5(0.49)    166(15)             0             0        18518         26368            1         579         290
2011-09-05T10:21:05Z        1911         572         1339       0.45(0.49)    148(16)             0             0        19565         26368            1         570         286
2011-09-05T10:21:25Z        1911         562         1349        0.5(0.49)     82(17)             0             0        16511         25472            1         560         281
2011-09-05T10:21:45Z        1911         552         1359        0.5(0.49)      0(16)             0             0        17580         25472            1         550         276
2011-09-05T10:22:05Z        1911         542         1369        0.5(0.49)      0(16)             0             0        18485         25472            1         540         271
2011-09-05T10:22:25Z        1911         532         1379        0.5(0.49)      0(16)             0             0        19458         25472            1         530         266
2011-09-05T10:22:45Z        1911         522         1389        0.5(0.49)      0(16)             0             0        16459         26048            1         520         261
2011-09-05T10:23:05Z        1911         512         1399        0.5(0.49)      0(16)             0             0        17433         26048            1         510         256
2011-09-05T10:23:25Z        1911         502         1409        0.5(0.49)      0(16)             0             0        18311         26048            1         500         251
2011-09-05T10:23:45Z        1911         492         1419        0.5(0.49)      0(16)             0             0        19278         26048            1         490         246
2011-09-05T10:24:05Z        1911         482         1429        0.5(0.49)      0(16)             0             0        16347         25408            1         480         241
2011-09-05T10:24:25Z        1911         472         1439        0.5(0.49)      0(15)             0             0        17229         25408            1         470         236
2011-09-05T10:24:45Z        1911         462         1449        0.5(0.49)      0(15)             0             0        18193         25408            1         460         231
2011-09-05T10:25:05Z        1911         452         1459        0.5(0.49)      0(15)             0             0        19129         25408            1         450         226
2011-09-05T10:25:25Z        1911         442         1469        0.5(0.49)      0(15)             0             0        16261         25920            1         440         221
2011-09-05T10:25:45Z        1911         432         1479        0.5(0.49)      0(15)             0             0        17143         25920            1         430         216
2011-09-05T10:26:05Z        1911         422         1489        0.5(0.49)      0(15)             0             0        18108         25920            1         420         211
2011-09-05T10:26:25Z        1911         412         1499        0.5(0.49)      0(15)             0             0        18999         25920            1         410         206
2011-09-05T10:26:45Z        1911         402         1509        0.5(0.49)      0(15)             0             0        16204         25984            1         400         201
2011-09-05T10:27:05Z        1911         392         1519        0.5(0.49)      0(15)             0             0        17082         25984            1         390         196
2011-09-05T10:27:25Z        1911         382         1529        0.5(0.49)      0(15)             0             0        18177         25984            1         380         191
2011-09-05T10:27:45Z        1911         372         1539        0.5(0.49)      0(14)             0             0        19052         25984            1         370         186
2011-09-05T10:28:05Z        1911         362         1549        0.5(0.49)      0(14)             0             0        16231         25856            1         360         181
2011-09-05T10:28:25Z        1911         353         1558       0.45(0.49)      0(14)             0             0        17026         25856            1         351         176
2011-09-05T10:28:45Z        1911         343         1568        0.5(0.49)      0(14)             0             0        18020         25856            1         341         171
2011-09-05T10:29:05Z        1911         333         1578        0.5(0.49)      0(14)             0             0        19090         25856            1         331         166
2011-09-05T10:29:25Z        1911         323         1588        0.5(0.49)      0(14)             0             0        16535         25472            1         321         161
2011-09-05T10:29:45Z        1911         313         1598        0.5(0.49)      4(14)             0             0        17495         25472            1         311         156
2011-09-05T10:30:05Z        1911         303         1608        0.5(0.49)     58(14)             0             0        18419         25472            1         301         151
2011-09-05T10:30:25Z        1911         293         1618        0.5(0.49)     62(15)             0             0        19428         25472            1         291         146
2011-09-05T10:30:45Z        1911         283         1628        0.5(0.49)     66(15)             0             0        16586         25856            1         281         141
2011-09-05T10:31:05Z        1911         273         1638        0.5(0.49)     65(15)             0             0        17575         25856            1         271         136
2011-09-05T10:31:25Z        1911         263         1648        0.5(0.49)     63(15)             0             0        18507         25856            1         261         131
2011-09-05T10:31:45Z        1911         254         1657       0.45(0.49)     48(16)             0             0        19423         25856            1         252         127
2011-09-05T10:32:05Z        1911         244         1667        0.5(0.49)     40(16)             0             0        16564         25344            1         242         122
2011-09-05T10:32:25Z        1911         234         1677        0.5(0.49)     44(16)             0             0        17566         25344            1         232         117
2011-09-05T10:32:45Z        1911         224         1687        0.5(0.49)     20(16)             0             0        18474         25344            1         222         112
2011-09-05T10:33:05Z        1911         214         1697        0.5(0.49)     32(16)             0             0        19472         25344            1         212         107
2011-09-05T10:33:25Z        1911         204         1707        0.5(0.49)     28(16)             0             0        16624         25792            1         202         102
2011-09-05T10:33:45Z        1911         194         1717        0.5(0.49)     31(16)             0             0        17625         25792            1         192          97
2011-09-05T10:34:05Z        1911         184         1727        0.5(0.49)     14(16)             0             0        18538         25792            1         182          92
2011-09-05T10:34:25Z        1911         174         1737        0.5(0.49)     51(16)             0             0        19542         25792            1         172          87
2011-09-05T10:34:45Z        1911         165         1746       0.45(0.49)     58(17)             0             0        16614         25344            1         163          82
2011-09-05T10:35:05Z        1911         155         1756        0.5(0.49)     58(17)             0             0        17621         25344            1         153          77
2011-09-05T10:35:25Z        1911         145         1766        0.5(0.49)     57(17)             0             0        18548         25344            1         143          72
2011-09-05T10:35:45Z        1911         135         1776        0.5(0.49)     70(17)             0             0        19560         25344            1         133          67
2011-09-05T10:36:05Z        1911         125         1786        0.5(0.49)     64(18)             0             0        16855         25728            1         123          62
2011-09-05T10:36:25Z        1911         115         1796        0.5(0.49)     64(18)             0             0        17859         25728            1         113          57
2011-09-05T10:36:45Z        1911         106         1805       0.45(0.49)     68(18)             0             0        18702         25728            1         104          53
2011-09-05T10:37:05Z        1911          96         1815        0.5(0.49)     69(18)             0             0        15957         25408            1          94          48
2011-09-05T10:37:25Z        1911          86         1825        0.5(0.49)     60(19)             0             0        16877         25408            1          84          43
2011-09-05T10:37:45Z        1911          76         1835        0.5(0.49)     60(19)             0             0        17883         25408            1          74          38
2011-09-05T10:38:05Z        1911          66         1845        0.5(0.49)     63(19)             0             0        18818         25408            1          64          33
2011-09-05T10:38:25Z        1911          56         1855        0.5(0.49)     57(19)             0             0        16084         25664            1          54          28
2011-09-05T10:38:45Z        1911          46         1865        0.5(0.49)     58(20)             0             0        17008         25664            1          44          23
2011-09-05T10:39:05Z        1911          37         1874       0.45(0.49)      7(19)             0             0        18244         25664            1          35          18
2011-09-05T10:39:25Z        1911          27         1884        0.5(0.49)      0(19)             0             0        19126         25664            1          25          13
2011-09-05T10:39:45Z        1911          17         1894        0.5(0.49)      0(19)             0             0        16279         25664            1          15           8
2011-09-05T10:40:05Z        1911           7         1904        0.5(0.49)     37(19)             0             0        17152         25664            1           5           3
2011-09-05T10:40:25Z        1911           2         1909       0.25(0.49)     80(20)             0             0        17708         25664            1           0           2
2011-09-05T10:40:45Z        1911           2         1909          0(0.49)      0(20)             0             0        17736         25664            1           0           2
2011-09-05T10:41:05Z        1911           2         1909          0(0.49)      0(19)             0             0        17843         25664            1           0           2
2011-09-05T10:41:25Z        1911           2         1909          0(0.48)      0(19)             0             0        17953         25664            1           0           2
2011-09-05T10:41:45Z        1911           2         1909          0(0.48)      0(19)             0             0        18165         25664            1           0           2
2011-09-05T10:42:05Z        1911           2         1909          0(0.48)      0(19)             0             0        18280         25664            1           0           2
2011-09-05T10:42:25Z        1911           2         1909          0(0.48)      0(19)             0             0        18304         25664            1           0           2
2011-09-05T10:42:45Z        1911           2         1909          0(0.47)      0(19)             0             0        18429         25664            1           0           2
2011-09-05T10:43:05Z        1911           2         1909          0(0.47)      0(19)             0             0        18456         25664            1           0           2
2011-09-05T10:43:25Z        1911           2         1909          0(0.47)      0(19)             0             0        18563         25664            1           0           2
2011-09-05T10:43:45Z        1911           2         1909          0(0.47)      0(19)             0             0        18617         25664            1           0           2
2011-09-05T10:44:05Z        1911           2         1909          0(0.47)      0(19)             0             0        18696         25664            1           0           2
2011-09-05T10:44:25Z        1911           2         1909          0(0.46)      0(18)             0             0        18768         25664            1           0           2
2011-09-05T10:44:45Z        1911           2         1909          0(0.46)      0(18)             0             0        18832         25664            1           0           2
2011-09-05T10:45:05Z        1911           2         1909          0(0.46)      0(18)             0             0        18940         25664            1           0           2
2011-09-05T10:45:25Z        1911           2         1909          0(0.46)      0(18)             0             0        18989         25664            1           0           2
2011-09-05T10:45:45Z        1911           2         1909          0(0.45)      0(18)             0             0        19110         25664            1           0           2
2011-09-05T10:46:05Z        1911           2         1909          0(0.45)      0(18)             0             0        19143         25664            1           0           2
2011-09-05T10:46:25Z        1911           2         1909          0(0.45)      0(18)             0             0        19241         25664            1           0           2
2011-09-05T10:46:45Z        1911           2         1909          0(0.45)      0(18)             0             0        19298         25664            1           0           2
2011-09-05T10:47:05Z        1911           2         1909          0(0.45)      0(18)             0             0        19373         25664            1           0           2
2011-09-05T10:47:25Z        1911           2         1909          0(0.44)      0(18)             0             0        19446         25664            1           0           2
2011-09-05T10:47:45Z        1911           2         1909          0(0.44)      0(18)             0             0        19507         25664            1           0           2
2011-09-05T10:48:05Z        1911           2         1909          0(0.44)      0(18)             0             0        19597         25664            1           0           2
2011-09-05T10:48:25Z        1911           2         1909          0(0.44)      0(17)             0             0        19648         25664            1           0           2
2011-09-05T10:48:45Z        1911           2         1909          0(0.44)      0(17)             0             0        15934         25536            1           0           2
2011-09-05T10:49:05Z        1911           2         1909          0(0.43)      0(17)             0             0        15953         25536            1           0           2
2011-09-05T10:49:25Z        1911           2         1909          0(0.43)      0(17)             0             0        16067         25536            1           0           2
2011-09-05T10:49:45Z        1911           2         1909          0(0.43)      0(17)             0             0        16173         25536            1           0           2
2011-09-05T10:50:05Z        1911           2         1909          0(0.43)      0(17)             0             0        16197         25536            1           0           2
2011-09-05T10:50:25Z        1911           2         1909          0(0.43)      0(17)             0             0        16310         25536            1           0           2
2011-09-05T10:50:45Z        1911           2         1909          0(0.42)      0(17)             0             0        16343         25536            1           0           2
2011-09-05T10:51:05Z        1911           2         1909          0(0.42)      0(17)             0             0        16563         25536            1           0           2
2011-09-05T10:51:25Z        1911           2         1909          0(0.42)      0(17)             0             0        16587         25536            1           0           2
2011-09-05T10:51:45Z        1911           2         1909          0(0.42)      0(17)             0             0        16696         25536            1           0           2
2011-09-05T10:52:05Z        1911           2         1909          0(0.42)      0(17)             0             0        16725         25536            1           0           2
2011-09-05T10:52:25Z        1911           2         1909          0(0.42)      0(16)             0             0        16835         25536            1           0           2
2011-09-05T10:52:45Z        1911           2         1909          0(0.41)      0(16)             0             0        16908         25536            1           0           2
2011-09-05T10:53:05Z        1911           2         1909          0(0.41)      0(16)             0             0        16971         25536            1           0           2
2011-09-05T10:53:25Z        1911           2         1909          0(0.41)      0(16)             0             0        17085         25536            1           0           2
2011-09-05T10:53:45Z        1911           2         1909          0(0.41)      0(16)             0             0        17104         25536            1           0           2
2011-09-05T10:54:05Z        1911           2         1909          0(0.41)      0(16)             0             0        17218         25536            1           0           2
2011-09-05T10:54:25Z        1911           2         1909           0(0.4)      0(16)             0             0        17248         25536            1           0           2
2011-09-05T10:54:45Z        1911           2         1909           0(0.4)      0(16)             0             0        17361         25536            1           0           2
2011-09-05T10:55:05Z        1911           2         1909           0(0.4)      0(16)             0             0        17420         25536            1           0           2
2011-09-05T10:55:25Z        1911           2         1909           0(0.4)      0(16)             0             0        17494         25536            1           0           2
2011-09-05T10:55:45Z        1911           2         1909           0(0.4)      0(16)             0             0        17594         25536            1           0           2
2011-09-05T10:56:05Z        1911           2         1909           0(0.4)      0(16)             0             0        17650         25536            1           0           2
2011-09-05T10:56:25Z        1911           2         1909          0(0.39)      0(16)             0             0        17767         25536            1           0           2
2011-09-05T10:56:45Z        1911           2         1909          0(0.39)      0(16)             0             0        17796         25536            1           0           2
2011-09-05T10:57:05Z        1911           2         1909          0(0.39)      0(16)             0             0        18678         25536            1           0           2
2011-09-05T10:57:25Z        1911           2         1909          0(0.39)      0(15)             0             0        18747         25536            1           0           2
2011-09-05T10:57:45Z        1911           2         1909          0(0.39)      0(15)             0             0        18859         25536            1           0           2
2011-09-05T10:58:05Z        1911           2         1909          0(0.39)      0(15)             0             0        18917         25536            1           0           2
2011-09-05T10:58:25Z        1911           2         1909          0(0.38)      0(15)             0             0        18996         25536            1           0           2
2011-09-05T10:58:45Z        1911           2         1909          0(0.38)      0(15)             0             0        19071         25536            1           0           2
2011-09-05T10:59:05Z        1911           2         1909          0(0.38)      0(15)             0             0        19133         25536            1           0           2
2011-09-05T10:59:25Z        1911           2         1909          0(0.38)      0(15)             0             0        19220         25536            1           0           2
2011-09-05T10:59:45Z        1911           2         1909          0(0.38)      0(15)             0             0        19262         25536            1           0           2
2011-09-05T11:00:05Z        1911           2         1909          0(0.38)      0(15)             0             0        19376         25536            1           0           2
2011-09-05T11:00:25Z        1911           2         1909          0(0.38)      0(15)             0             0        19413         25536            1           0           2
2011-09-05T11:00:45Z        1911           2         1909          0(0.37)      0(15)             0             0        19524         25536            1           0           2
2011-09-05T11:01:05Z        1911           2         1909          0(0.37)      0(15)             0             0        19591         25536            1           0           2
2011-09-05T11:01:25Z        1911           2         1909          0(0.37)      0(15)             0             0        19657         25536            1           0           2
2011-09-05T11:01:45Z        1911           2         1909          0(0.37)      0(15)             0             0        15956         25600            1           0           2
2011-09-05T11:02:05Z        1911           2         1909          0(0.37)      0(15)             0             0        15971         25600            1           0           2
2011-09-05T11:02:25Z        1911           2         1909          0(0.37)      0(15)             0             0        16090         25600            1           0           2
2011-09-05T11:02:45Z        1911           2         1909          0(0.37)      0(14)             0             0        16104         25600            1           0           2
2011-09-05T11:03:05Z        1911           2         1909          0(0.36)      0(14)             0             0        16229         25600            1           0           2
2011-09-05T11:03:25Z        1911           2         1909          0(0.36)      0(14)             0             0        16259         25600            1           0           2
2011-09-05T11:03:45Z        1911           2         1909          0(0.36)      0(14)             0             0        16361         25600            1           0           2
2011-09-05T11:04:05Z        1911           2         1909          0(0.36)      0(14)             0             0        16466         25600            1           0           2
2011-09-05T11:04:25Z        1911           2         1909          0(0.36)      0(14)             0             0        16498         25600            1           0           2
2011-09-05T11:04:45Z        1911           2         1909          0(0.36)      0(14)             0             0        16611         25600            1           0           2
2011-09-05T11:05:05Z        1911           2         1909          0(0.36)      0(14)             0             0        16634         25600            1           0           2
2011-09-05T11:05:25Z        1911           2         1909          0(0.35)      0(14)             0             0        16743         25600            1           0           2
2011-09-05T11:05:45Z        1911           2         1909          0(0.35)      0(14)             0             0        16772         25600            1           0           2
2011-09-05T11:06:05Z        1911           2         1909          0(0.35)      0(14)             0             0        16997         25600            1           0           2
2011-09-05T11:06:25Z        1911           2         1909          0(0.35)      0(14)             0             0        17076         25600            1           0           2
2011-09-05T11:06:45Z        1911           2         1909          0(0.35)      0(14)             0             0        17144         25600            1           0           2
2011-09-05T11:07:05Z        1911           2         1909          0(0.35)      0(14)             0             0        17238         25600            1           0           2
2011-09-05T11:07:25Z        1911           2         1909          0(0.35)      0(14)             0             0        17283         25600            1           0           2
2011-09-05T11:07:45Z        1911           2         1909          0(0.35)      0(14)             0             0        17399         25600            1           0           2
2011-09-05T11:08:05Z        1911           2         1909          0(0.34)      0(14)             0             0        17417         25600            1           0           2
2011-09-05T11:08:25Z        1911           2         1909          0(0.34)      0(14)             0             0        17531         25600            1           0           2
2011-09-05T11:08:45Z        1911           2         1909          0(0.34)      0(14)             0             0        17571         25600            1           0           2
2011-09-05T11:09:05Z        1911           2         1909          0(0.34)      0(13)             0             0        17673         25600            1           0           2
2011-09-05T11:09:25Z        1911           2         1909          0(0.34)      0(13)             0             0        17739         25600            1           0           2
2011-09-05T11:09:45Z        1911           2         1909          0(0.34)      0(13)             0             0        17807         25600            1           0           2
2011-09-05T11:10:05Z        1911           2         1909          0(0.34)      0(13)             0             0        17899         25600            1           0           2
2011-09-05T11:10:25Z        1911           2         1909          0(0.34)      0(13)             0             0        17950         25600            1           0           2
2011-09-05T11:10:45Z        1911           2         1909          0(0.33)      0(13)             0             0        18037         25600            1           0           2
2011-09-05T11:11:05Z        1911           2         1909          0(0.33)      0(13)             0             0        18097         25600            1           0           2
2011-09-05T11:11:25Z        1911           2         1909          0(0.33)      0(13)             0             0        18205         25600            1           0           2
2011-09-05T11:11:45Z        1911           2         1909          0(0.33)      0(13)             0             0        18254         25600            1           0           2
2011-09-05T11:12:05Z        1911           2         1909          0(0.33)      0(13)             0             0        18342         25600            1           0           2
2011-09-05T11:12:25Z        1911           2         1909          0(0.33)      0(13)             0             0        18417         25600            1           0           2
2011-09-05T11:12:45Z        1911           2         1909          0(0.33)      0(13)             0             0        18481         25600            1           0           2
2011-09-05T11:13:05Z        1911           2         1909          0(0.33)      0(13)             0             0        18576         25600            1           0           2
2011-09-05T11:13:25Z        1911           2         1909          0(0.33)      0(13)             0             0        18619         25600            1           0           2
2011-09-05T11:13:45Z        1911           2         1909          0(0.32)      0(13)             0             0        18712         25600            1           0           2
2011-09-05T11:14:05Z        1911           2         1909          0(0.32)      0(13)             0             0        18760         25600            1           0           2
2011-09-05T11:14:25Z        1911           2         1909          0(0.32)      0(13)             0             0        18868         25600            1           0           2
2011-09-05T11:14:45Z        1911           2         1909          0(0.32)      0(13)             0             0        18917         25600            1           0           2
2011-09-05T11:15:05Z        1911           2         1909          0(0.32)      0(13)             0             0        19004         25600            1           0           2
2011-09-05T11:15:25Z        1911           2         1909          0(0.32)      0(13)             0             0        19080         25600            1           0           2
2011-09-05T11:15:45Z        1911           2         1909          0(0.32)      0(13)             0             0        19160         25600            1           0           2
2011-09-05T11:16:05Z        1911           2         1909          0(0.32)      0(12)             0             0        19245         25600            1           0           2
2011-09-05T11:16:25Z        1911           2         1909          0(0.32)      0(12)             0             0        19297         25600            1           0           2
2011-09-05T11:16:45Z        1911           2         1909          0(0.32)      0(12)             0             0        19388         25600            1           0           2
2011-09-05T11:17:05Z        1911           2         1909          0(0.31)      0(12)             0             0        19444         25600            1           0           2
2011-09-05T11:17:25Z        1911           2         1909          0(0.31)      0(12)             0             0        19533         25600            1           0           2
2011-09-05T11:17:45Z        1911           2         1909          0(0.31)      0(12)             0             0        19602         25600            1           0           2
2011-09-05T11:18:05Z        1911           2         1909          0(0.31)      0(12)             0             0        19680         25600            1           0           2
2011-09-05T11:18:25Z        1911           2         1909          0(0.31)      0(12)             0             0        15908         25600            1           0           2
2011-09-05T11:18:45Z        1911           2         1909          0(0.31)      0(12)             0             0        15929         25600            1           0           2
2011-09-05T11:19:05Z        1911           2         1909          0(0.31)      0(12)             0             0        16036         25600            1           0           2
2011-09-05T11:19:25Z        1911           2         1909          0(0.31)      0(12)             0             0        16065         25600            1           0           2
2011-09-05T11:19:45Z        1911           2         1909          0(0.31)      0(12)             0             0        16173         25600            1           0           2
2011-09-05T11:20:05Z        1911           2         1909           0(0.3)      0(12)             0             0        16196         25600            1           0           2
2011-09-05T11:20:25Z        1911           2         1909           0(0.3)      0(12)             0             0        16319         25600            1           0           2
2011-09-05T11:20:46Z        1911           2         1909           0(0.3)      0(12)             0             0        16376         25600            1           0           2
2011-09-05T11:21:06Z        1911           2         1909           0(0.3)      0(12)             0             1        16536         25600            1           0           2
2011-09-05T11:21:26Z        1911           2         1909           0(0.3)      0(12)             0             0        16695         25600            1           0           2
2011-09-05T11:21:46Z        1911           2         1909           0(0.3)      0(12)             0             0        16733         25600            1           0           2
2011-09-05T11:22:06Z        1911           2         1909           0(0.3)      0(12)             0             0        16849         25600            1           0           2
2011-09-05T11:22:26Z        1911           2         1909           0(0.3)      0(12)             0             0        16867         25600            1           0           2
2011-09-05T11:22:46Z        1911           2         1909           0(0.3)      0(12)             0             0        16985         25600            1           0           2
2011-09-05T11:23:06Z        1911           2         1909           0(0.3)      0(12)             0             0        17004         25600            1           0           2
2011-09-05T11:23:26Z        1911           2         1909           0(0.3)      0(12)             0             0        17120         25600            1           0           2
2011-09-05T11:23:46Z        1911           2         1909          0(0.29)      0(12)             0             0        17201         25600            1           0           2
2011-09-05T11:24:06Z        1911           2         1909          0(0.29)      0(12)             0             0        17252         25600            1           0           2
2011-09-05T11:24:26Z        1911           2         1909          0(0.29)      0(11)             0             0        17356         25600            1           0           2
2011-09-05T11:24:46Z        1911           2         1909          0(0.29)      0(11)             0             0        17401         25600            1           0           2
2011-09-05T11:25:06Z        1911           2         1909          0(0.29)      0(11)             0             0        17516         25600            1           0           2
2011-09-05T11:25:26Z        1911           2         1909          0(0.29)      0(11)             0             0        17544         25600            1           0           2
2011-09-05T11:25:46Z        1911           2         1909          0(0.29)      0(11)             0             0        17651         25600            1           0           2
2011-09-05T11:26:06Z        1911           2         1909          0(0.29)      0(11)             0             0        17691         25600            1           0           2
2011-09-05T11:26:26Z        1911           2         1909          0(0.29)      0(11)             0             0        17784         25600            1           0           2
2011-09-05T11:26:46Z        1911           2         1909          0(0.29)      0(11)             0             0        17872         25600            1           0           2
2011-09-05T11:27:06Z        1911           2         1909          0(0.29)      0(11)             0             0        17932         25600            1           0           2
2011-09-05T11:27:26Z        1911           2         1909          0(0.28)      0(11)             0             0        18019         25600            1           0           2
2011-09-05T11:27:46Z        1911           2         1909          0(0.28)      0(11)             0             0        18068         25600            1           0           2
2011-09-05T11:28:06Z        1911           2         1909          0(0.28)      0(11)             0             0        18178         25600            1           0           2
2011-09-05T11:28:26Z        1911           2         1909          0(0.28)      0(11)             0             0        18214         25600            1           0           2
2011-09-05T11:28:46Z        1911           2         1909          0(0.28)      0(11)             0             0        18327         25600            1           0           2
2011-09-05T11:29:06Z        1911           2         1909          0(0.28)      0(11)             0             0        18360         25600            1           0           2
2011-09-05T11:29:26Z        1911           2         1909          0(0.28)      0(11)             0             0        18462         25600            1           0           2
2011-09-05T11:29:46Z        1911           2         1909          0(0.28)      0(11)             0             0        18870         25600            1           0           2
2011-09-05T11:30:06Z        1911           2         1909          0(0.28)      0(11)             0             0        18915         25600            1           0           2
2011-09-05T11:30:26Z        1911           2         1909          0(0.28)      0(11)             0             0        19019         25600            1           0           2
2011-09-05T11:30:46Z        1911           2         1909          0(0.28)      0(11)             0             0        19053         25600            1           0           2
2011-09-05T11:31:06Z        1911           2         1909          0(0.28)      0(11)             0             0        19163         25600            1           0           2
2011-09-05T11:31:26Z        1911           2         1909          0(0.28)      0(11)             0             0        19204         25600            1           0           2
2011-09-05T11:31:47Z        1911           2         1909          0(0.27)      0(11)             0             0        19311         25600            1           0           2
2011-09-05T11:32:07Z        1911           2         1909          0(0.27)      0(11)             0             0        19365         25600            1           0           2
2011-09-05T11:32:27Z        1911           2         1909          0(0.27)      0(11)             0             0        19458         25600            1           0           2
2011-09-05T11:32:47Z        1911           2         1909          0(0.27)      0(11)             0             0        19537         25600            1           0           2
2011-09-05T11:33:07Z        1911           2         1909          0(0.27)      0(11)             0             0        19590         25600            1           0           2
2011-09-05T11:33:27Z        1911           2         1909          0(0.27)      0(11)             0             0        19679         25600            1           0           2
2011-09-05T11:33:47Z        1911           2         1909          0(0.27)      0(11)             0             0        15924         25600            1           0           2
2011-09-05T11:34:07Z        1911           2         1909          0(0.27)      0(11)             0             0        16035         25600            1           0           2
2011-09-05T11:34:27Z        1911           2         1909          0(0.27)      0(10)             0             0        16065         25600            1           0           2
2011-09-05T11:34:47Z        1911           2         1909          0(0.27)      0(10)             0             0        16174         25600            1           0           2
2011-09-05T11:35:07Z        1911           2         1909          0(0.27)      0(10)             0             0        16204         25600            1           0           2
2011-09-05T11:35:27Z        1911           2         1909          0(0.27)      0(10)             0             0        16314         25600            1           0           2
2011-09-05T11:35:47Z        1911           2         1909          0(0.27)      0(10)             0             0        16338         25600            1           0           2
2011-09-05T11:36:07Z        1911           2         1909          0(0.26)      0(10)             0             0        16459         25600            1           0           2
2011-09-05T11:36:27Z        1911           2         1909          0(0.26)      0(10)             0             1        16593         25600            1           0           2
2011-09-05T11:36:47Z        1911           2         1909          0(0.26)      0(10)             0             1        16704         25600            1           0           2
2011-09-05T11:37:07Z        1911           2         1909          0(0.26)      0(10)             0             0        16850         25600            1           0           2
2011-09-05T11:37:27Z        1911           2         1909          0(0.26)      0(10)             0             0        17267         25600            1           0           2
2011-09-05T11:37:47Z        1911           2         1909          0(0.26)      0(10)             0             0        18605         25600            1           0           2
2011-09-05T11:38:07Z        1911           2         1909          0(0.26)      0(10)             0             0        18631         25600            1           0           2
2011-09-05T11:38:27Z        1911           2         1909          0(0.26)      0(10)             0             0        17436         25600            1           0           2
2011-09-05T11:38:47Z        1911           2         1909          0(0.26)      0(10)             0             0        17528         25600            1           0           2
2011-09-05T11:39:07Z        1911           2         1909          0(0.26)      0(10)             0             0        19290         25536            1           0           2
2011-09-05T11:39:27Z        1911           2         1909          0(0.26)      0(10)             0             0        19338         25536            1           0           2
2011-09-05T11:39:47Z        1911           2         1909          0(0.26)      0(10)             0             0        19986         25536            1           0           2
20110905113951 CRAWL WAITING - Pausing - Waiting for threads to finish
2011-09-05T11:39:51Z        1911           2         1909          0(0.26)      0(10)             0             0        20095         25536            1           0           2
20110905113951 CRAWL PAUSED - Paused
20110905113956 CRAWL RESUMED - Running
20110905114005 CRAWL ENDING - Finished - Ended by operator
2011-09-05T11:40:06Z        1911           2         1909          0(0.26)      0(10)             0             0        17339         25600            1           0           2
20110905114006 CRAWL ENDED - Finished - Ended by operator
