\BOOKMARK [0][-]{chapter.1}{\332vod}{}
\BOOKMARK [0][-]{chapter.2}{WebArchiv}{}
\BOOKMARK [1][-]{section.2.1}{ O WebArchivu}{chapter.2}
\BOOKMARK [1][-]{section.2.2}{ V\375voj projektu}{chapter.2}
\BOOKMARK [2][-]{subsection.2.2.1}{ Rok 2000}{section.2.2}
\BOOKMARK [2][-]{subsection.2.2.2}{ Rok 2001}{section.2.2}
\BOOKMARK [2][-]{subsection.2.2.3}{ Rok 2002}{section.2.2}
\BOOKMARK [2][-]{subsection.2.2.4}{ Rok 2003}{section.2.2}
\BOOKMARK [2][-]{subsection.2.2.5}{ Rok 2004}{section.2.2}
\BOOKMARK [2][-]{subsection.2.2.6}{ Rok 2005}{section.2.2}
\BOOKMARK [2][-]{subsection.2.2.7}{ Rok 2006}{section.2.2}
\BOOKMARK [2][-]{subsection.2.2.8}{ Rok 2007}{section.2.2}
\BOOKMARK [2][-]{subsection.2.2.9}{ Rok 2008}{section.2.2}
\BOOKMARK [2][-]{subsection.2.2.10}{ Rok 2009}{section.2.2}
\BOOKMARK [2][-]{subsection.2.2.11}{ Rok 2010}{section.2.2}
\BOOKMARK [2][-]{subsection.2.2.12}{ Rok 2011}{section.2.2}
\BOOKMARK [1][-]{section.2.3}{ Soucasn\375 obsah datab\341ze}{chapter.2}
\BOOKMARK [1][-]{section.2.4}{ Dal\235\355 informace o projektu}{chapter.2}
\BOOKMARK [2][-]{subsection.2.4.1}{ Creative Commons}{section.2.4}
\BOOKMARK [2][-]{subsection.2.4.2}{ Partneri projektu}{section.2.4}
\BOOKMARK [2][-]{subsection.2.4.3}{ Nasmlouvan\351 webov\351 zdroje}{section.2.4}
\BOOKMARK [2][-]{subsection.2.4.4}{ Internet Archive}{section.2.4}
\BOOKMARK [2][-]{subsection.2.4.5}{ Dal\235\355 spolupr\341ce}{section.2.4}
\BOOKMARK [2][-]{subsection.2.4.6}{ Dostupnost informac\355}{section.2.4}
\BOOKMARK [2][-]{subsection.2.4.7}{ Krit\351ria v\375beru webov\375ch zdroju}{section.2.4}
\BOOKMARK [3][-]{section*.7}{ Plo\235n\341 archivace \205 harvesting}{subsection.2.4.7}
\BOOKMARK [3][-]{section*.8}{ V\375berov\375 pr\355stup \205 konspekt}{subsection.2.4.7}
\BOOKMARK [3][-]{section*.9}{ Tematick\351 sb\355rky}{subsection.2.4.7}
\BOOKMARK [1][-]{section.2.5}{ Star\235\355 pr\341ce na t\351ma WebArchiv}{chapter.2}
\BOOKMARK [2][-]{subsection.2.5.1}{ Syst\351m pro spr\341vu procesu archivace webov\375ch informacn\355ch zdroju}{section.2.5}
\BOOKMARK [2][-]{subsection.2.5.2}{ Identifikace a omezen\355 pr\355stupu k nevhodn\375m str\341nk\341m ve webov\351m archivu}{section.2.5}
\BOOKMARK [2][-]{subsection.2.5.3}{ Rozpozn\341n\355 a archivace cesk\351ho webu mimo n\341rodn\355 dom\351nu}{section.2.5}
\BOOKMARK [2][-]{subsection.2.5.4}{ Implementace OAI-PMH pro cesk\375 WebArchiv}{section.2.5}
\BOOKMARK [2][-]{subsection.2.5.5}{ Bibliografick\375 popis elektronick\375ch online zdroju v zahranicn\355 a dom\341c\355 katalogizacn\355 praxi}{section.2.5}
\BOOKMARK [2][-]{subsection.2.5.6}{ Zpr\355stupnen\355 archivu cesk\351ho webu}{section.2.5}
\BOOKMARK [2][-]{subsection.2.5.7}{ Strategie archivace elektronick\375ch online zdroju a politika jejich v\375beru do digit\341ln\355ho archivu \(se zameren\355m na cesk\375 syst\351m WebArchiv\)}{section.2.5}
\BOOKMARK [1][-]{section.2.6}{ N\341stroje souvisej\355c\355 s projektem WebArchiv}{chapter.2}
\BOOKMARK [2][-]{subsection.2.6.1}{ APACHE TOMCAT}{section.2.6}
\BOOKMARK [2][-]{subsection.2.6.2}{ ARCRetriever}{section.2.6}
\BOOKMARK [2][-]{subsection.2.6.3}{ DeDuplicator}{section.2.6}
\BOOKMARK [2][-]{subsection.2.6.4}{ Gener\341tor URN}{section.2.6}
\BOOKMARK [2][-]{subsection.2.6.5}{ HERITRIX}{section.2.6}
\BOOKMARK [2][-]{subsection.2.6.6}{ ImpEval}{section.2.6}
\BOOKMARK [2][-]{subsection.2.6.7}{ NutchWAX}{section.2.6}
\BOOKMARK [2][-]{subsection.2.6.8}{ WA ADMIN}{section.2.6}
\BOOKMARK [2][-]{subsection.2.6.9}{ WA-CZ}{section.2.6}
\BOOKMARK [2][-]{subsection.2.6.10}{ Wayback}{section.2.6}
\BOOKMARK [2][-]{subsection.2.6.11}{ WebAnalyzer}{section.2.6}
\BOOKMARK [2][-]{subsection.2.6.12}{ Web Curator Tool}{section.2.6}
\BOOKMARK [0][-]{chapter.3}{Pr\355lohy}{}
